Arguments: 
  C:\Program Files\nodejs\node.exe C:\Program Files (x86)\Yarn\bin\yarn.js start

PATH: 
  C:\Windows\system32;C:\Windows;C:\Windows\System32\Wbem;C:\Windows\System32\WindowsPowerShell\v1.0\;C:\Windows\System32\OpenSSH\;C:\Program Files (x86)\NVIDIA Corporation\PhysX\Common;C:\Program Files\NVIDIA Corporation\NVIDIA NvDLISR;C:\Program Files\Git\cmd;C:\Program Files\nodejs\;C:\Program Files (x86)\Yarn\bin\;C:\Users\anusi\AppData\Local\Microsoft\WindowsApps;;C:\Users\anusi\AppData\Local\Programs\Microsoft VS Code\bin;C:\Users\anusi\AppData\Roaming\npm;C:\Users\anusi\AppData\Local\Yarn\bin

Yarn version: 
  1.22.5

Node version: 
  12.19.0

Platform: 
  win32 x64

Trace: 
  SyntaxError: C:\Users\anusi\Desktop\React-admin-example\package.json: Unexpected token / in JSON at position 175
      at JSON.parse (<anonymous>)
      at C:\Program Files (x86)\Yarn\lib\cli.js:1625:59
      at Generator.next (<anonymous>)
      at step (C:\Program Files (x86)\Yarn\lib\cli.js:310:30)
      at C:\Program Files (x86)\Yarn\lib\cli.js:321:13

npm manifest: 
  {
    "name": "React-admin-example",
    "version": "1.0.0",
    "description": "",
    "main": "index.js",
    "scripts": {
      "server": "json-server --watch db.json --port 5000"
      // "client": "yarn start --prefix client"
    },
    "keywords": [],
    "author": "",
    "license": "ISC",
    "dependencies": {
      "json-server": "^0.16.3"
    }
  }

yarn manifest: 
  No manifest

Lockfile: 
  No lockfile
